2025-04-28 23:59:36.274 [main] DEBUG org.apache.poi.openxml4j.opc.PackageRelationshipCollection -Parsing relationship: /xl/worksheets/_rels/sheet1.xml.rels
2025-04-28 23:59:36.279 [main] DEBUG org.apache.poi.openxml4j.opc.PackageRelationshipCollection -Parsing relationship: /_rels/.rels
2025-04-28 23:59:36.326 [main] INFO  testCases.TC003_LoginDDT -*****Starting TC003_LoginDDT***
2025-04-28 23:59:38.474 [main] INFO  testCases.TC003_LoginDDT -*****Excecution of TC003_LoginDDT is completed***
2025-04-28 23:59:38.483 [main] INFO  testCases.TC003_LoginDDT -*****Starting TC003_LoginDDT***
2025-04-28 23:59:49.690 [main] INFO  testCases.TC003_LoginDDT -*****Starting TC003_LoginDDT***
2025-04-28 23:59:51.611 [main] INFO  testCases.TC003_LoginDDT -*****Starting TC003_LoginDDT***
2025-04-29 00:00:02.919 [main] INFO  testCases.TC003_LoginDDT -*****Excecution of TC003_LoginDDT is completed***
2025-04-29 00:00:02.922 [main] INFO  testCases.TC003_LoginDDT -*****Starting TC003_LoginDDT***
2025-04-29 00:00:06.788 [main] INFO  testCases.TC003_LoginDDT -*****Excecution of TC003_LoginDDT is completed***
2025-04-29 11:31:10.827 [main] INFO  testCases.TC001_AccountRegistrationTest -******Starting  TC001_AccountRegistrationTest********
2025-04-29 11:31:11.336 [main] INFO  testCases.TC001_AccountRegistrationTest -clicked on MyAccountLink
2025-04-29 11:31:11.896 [main] INFO  testCases.TC001_AccountRegistrationTest -clicked on Registration
2025-04-29 11:31:11.994 [main] INFO  testCases.TC001_AccountRegistrationTest -******Entering Customer details********
2025-04-29 11:31:14.042 [main] INFO  testCases.TC001_AccountRegistrationTest -validating expected message
2025-04-29 11:31:14.123 [main] INFO  testCases.TC001_AccountRegistrationTest -*******Completed TC001_AccountRegistrationTest execution********
2025-04-29 11:31:17.836 [main] INFO  testCases.TC002_LoginTest -*******Starting TC002_LoginTest*****
2025-04-29 11:31:19.757 [main] INFO  testCases.TC002_LoginTest -******Finished  TC002_LoginTest*****
2025-04-29 11:32:19.131 [main] INFO  testCases.TC001_AccountRegistrationTest -******Starting  TC001_AccountRegistrationTest********
2025-04-29 11:32:19.733 [main] INFO  testCases.TC001_AccountRegistrationTest -clicked on MyAccountLink
2025-04-29 11:32:20.338 [main] INFO  testCases.TC001_AccountRegistrationTest -clicked on Registration
2025-04-29 11:32:20.342 [main] INFO  testCases.TC001_AccountRegistrationTest -******Entering Customer details********
2025-04-29 11:32:22.026 [main] INFO  testCases.TC001_AccountRegistrationTest -validating expected message
2025-04-29 11:32:22.071 [main] INFO  testCases.TC001_AccountRegistrationTest -*******Completed TC001_AccountRegistrationTest execution********
2025-04-29 11:32:25.593 [main] INFO  testCases.TC002_LoginTest -*******Starting TC002_LoginTest*****
2025-04-29 11:32:27.671 [main] INFO  testCases.TC002_LoginTest -******Finished  TC002_LoginTest*****
2025-04-29 11:37:01.974 [main] INFO  testCases.TC001_AccountRegistrationTest -******Starting  TC001_AccountRegistrationTest********
2025-04-29 11:37:02.418 [main] INFO  testCases.TC001_AccountRegistrationTest -clicked on MyAccountLink
2025-04-29 11:37:03.472 [main] INFO  testCases.TC001_AccountRegistrationTest -clicked on Registration
2025-04-29 11:37:03.474 [main] INFO  testCases.TC001_AccountRegistrationTest -******Entering Customer details********
2025-04-29 11:37:04.919 [main] INFO  testCases.TC001_AccountRegistrationTest -validating expected message
2025-04-29 11:37:04.983 [main] INFO  testCases.TC001_AccountRegistrationTest -*******Completed TC001_AccountRegistrationTest execution********
2025-04-29 11:37:08.204 [main] INFO  testCases.TC002_LoginTest -*******Starting TC002_LoginTest*****
2025-04-29 11:37:09.977 [main] INFO  testCases.TC002_LoginTest -******Finished  TC002_LoginTest*****
2025-04-29 11:37:48.897 [main] INFO  testCases.TC001_AccountRegistrationTest -******Starting  TC001_AccountRegistrationTest********
2025-04-29 11:37:49.074 [main] INFO  testCases.TC001_AccountRegistrationTest -clicked on MyAccountLink
2025-04-29 11:37:49.947 [main] INFO  testCases.TC001_AccountRegistrationTest -clicked on Registration
2025-04-29 11:37:49.949 [main] INFO  testCases.TC001_AccountRegistrationTest -******Entering Customer details********
2025-04-29 11:37:51.355 [main] INFO  testCases.TC001_AccountRegistrationTest -validating expected message
2025-04-29 11:37:51.413 [main] INFO  testCases.TC001_AccountRegistrationTest -*******Completed TC001_AccountRegistrationTest execution********
2025-04-29 11:37:55.421 [main] INFO  testCases.TC002_LoginTest -*******Starting TC002_LoginTest*****
2025-04-29 11:37:57.275 [main] INFO  testCases.TC002_LoginTest -******Finished  TC002_LoginTest*****
2025-04-29 11:46:06.002 [main] INFO  testCases.TC002_LoginTest -*******Starting TC002_LoginTest*****
2025-04-29 11:46:07.769 [main] INFO  testCases.TC002_LoginTest -******Finished  TC002_LoginTest*****
2025-04-29 11:46:50.623 [main] INFO  testCases.TC002_LoginTest -*******Starting TC002_LoginTest*****
